<?xml version="1.0" encoding="UTF-8"?>
<!-- Generated by org.testng.reporters.JUnitReportReporter -->
<testsuite hostname="BLR1-LHP-N64265" failures="0" tests="8" name="com.testing.qa.testcases.MyAccountPageTest" time="121.202" errors="0" timestamp="2019-10-12T15:56:14 IST" skipped="0">
  <testcase classname="com.testing.qa.testcases.MyAccountPageTest" name="clickOnHomeButtonTest" time="14.616"/>
  <testcase classname="com.testing.qa.testcases.MyAccountPageTest" name="verifyHomePageTitleTest" time="14.760"/>
  <testcase classname="com.testing.qa.testcases.MyAccountPageTest" name="verifyMyAccountPageLogoTest" time="13.181"/>
  <testcase classname="com.testing.qa.testcases.MyAccountPageTest" name="clickOnorderHistoryLinkTest" time="14.856"/>
  <testcase classname="com.testing.qa.testcases.MyAccountPageTest" name="clickOnCreditSlipsTest" time="16.108"/>
  <testcase classname="com.testing.qa.testcases.MyAccountPageTest" name="clickOnMyAddressTest" time="15.712"/>
  <testcase classname="com.testing.qa.testcases.MyAccountPageTest" name="clickOnMyPersonalInfoTest" time="17.227"/>
  <testcase classname="com.testing.qa.testcases.MyAccountPageTest" name="clickOnMyWishListTest" time="14.742"/>
</testsuite> <!-- com.testing.qa.testcases.MyAccountPageTest -->
