<?xml version="1.0" encoding="UTF-8"?>
<!-- Generated by org.testng.reporters.JUnitReportReporter -->
<testsuite hostname="BLR1-LHP-N64265" failures="0" tests="2" name="com.testing.qa.testcases.LoginPageTest" time="26.493" errors="0" timestamp="2019-10-12T15:56:14 IST" skipped="0">
  <testcase classname="com.testing.qa.testcases.LoginPageTest" name="loginTest" time="14.473"/>
  <testcase classname="com.testing.qa.testcases.LoginPageTest" name="loginPageTitleTest" time="12.020"/>
</testsuite> <!-- com.testing.qa.testcases.LoginPageTest -->
