<?xml version="1.0" encoding="UTF-8"?>
<!-- Generated by org.testng.reporters.JUnitReportReporter -->
<testsuite hostname="BLR1-LHP-N64265" failures="0" tests="1" name="com.testing.qa.testcases.OrderHistoryPageTest" time="14.320" errors="0" timestamp="2019-10-12T15:56:14 IST" skipped="0">
  <testcase classname="com.testing.qa.testcases.OrderHistoryPageTest" name="verifyOrderHistoryPageTitleTest" time="14.320"/>
</testsuite> <!-- com.testing.qa.testcases.OrderHistoryPageTest -->
